Using Chrome binary: /usr/bin/google-chrome
CHECKING chromedriver: /home/maun/read-api-debug/read-scraper-api/chromedriver_local/chromedriver exists=False
Using system chromedriver: /usr/bin/chromedriver
2025-10-30 09:49:10,771 - backend.services.queue_manager - INFO - Queue manager démarré
2025-10-30 09:49:10,823 - __main__ - INFO - Demarrage de l'API Scraper
2025-10-30 09:49:10,823 - __main__ - INFO - Repertoire: /home/maun/read-api-debug/read-scraper-api
 * Serving Flask app 'backend.main'
 * Debug mode: on
2025-10-30 09:49:10,824 - werkzeug - INFO - [31m[1mWARNING: This is a development server. Do not use it in a production deployment. Use a production WSGI server instead.[0m
 * Running on all addresses (0.0.0.0)
 * Running on http://127.0.0.1:5000
 * Running on http://10.65.96.250:5000
2025-10-30 09:49:10,824 - werkzeug - INFO - [33mPress CTRL+C to quit[0m
2025-10-30 09:49:10,824 - werkzeug - INFO -  * Restarting with stat
Using Chrome binary: /usr/bin/google-chrome
CHECKING chromedriver: /home/maun/read-api-debug/read-scraper-api/chromedriver_local/chromedriver exists=False
Using system chromedriver: /usr/bin/chromedriver
2025-10-30 09:49:11,598 - backend.services.queue_manager - INFO - Queue manager démarré
2025-10-30 09:49:11,653 - __main__ - INFO - Demarrage de l'API Scraper
2025-10-30 09:49:11,653 - __main__ - INFO - Repertoire: /home/maun/read-api-debug/read-scraper-api
2025-10-30 09:49:11,653 - werkzeug - WARNING -  * Debugger is active!
2025-10-30 09:49:11,674 - werkzeug - INFO -  * Debugger PIN: 122-958-660
2025-10-30 09:49:14,480 - werkzeug - INFO - 127.0.0.1 - - [30/Oct/2025 09:49:14] "[31m[1mGET /api/v1/admin/stats HTTP/1.1[0m" 403 -
2025-10-30 09:49:24,556 - werkzeug - INFO - 127.0.0.1 - - [30/Oct/2025 09:49:24] "HEAD / HTTP/1.1" 200 -
2025-10-30 09:49:24,571 - werkzeug - INFO - 127.0.0.1 - - [30/Oct/2025 09:49:24] "GET /api/v1/articles?limit=1 HTTP/1.1" 200 -
2025-10-30 09:49:25,045 - backend.services.cache_service - INFO - Cache hit pour URL: https://www.lexpress.fr/societe/exclusif-emmanuel-macron-un-president-obsede-par-lespionnage-les-extraits-dun-livre-enquete-BYHV4RLSQBDMBACR742GEJOR3E/?cmp_redirect=true
2025-10-30 09:49:25,045 - backend.api.routes - INFO - Cache hit pour URL: https://www.lexpress.fr/societe/exclusif-emmanuel-macron-un-president-obsede-par-lespionnage-les-extraits-dun-livre-enquete-BYHV4RLSQBDMBACR742GEJOR3E/?cmp_redirect=true
2025-10-30 09:49:25,046 - werkzeug - INFO - 127.0.0.1 - - [30/Oct/2025 09:49:25] "POST /api/v1/scrape HTTP/1.1" 200 -
2025-10-30 09:49:25,070 - werkzeug - INFO - 127.0.0.1 - - [30/Oct/2025 09:49:25] "GET /api/v1/article/1M5X0NrnnN HTTP/1.1" 200 -
2025-10-30 09:49:25,192 - werkzeug - INFO - 127.0.0.1 - - [30/Oct/2025 09:49:25] "GET /article/1M5X0NrnnN HTTP/1.1" 200 -
2025-10-30 09:49:25,323 - werkzeug - INFO - 127.0.0.1 - - [30/Oct/2025 09:49:25] "[33mGET /static/css/style.css HTTP/1.1[0m" 404 -
2025-10-30 09:49:34,868 - werkzeug - INFO - 127.0.0.1 - - [30/Oct/2025 09:49:34] "GET /api/v1/admin/articles HTTP/1.1" 200 -
2025-10-30 09:49:38,232 - werkzeug - INFO - 127.0.0.1 - - [30/Oct/2025 09:49:38] "DELETE /api/v1/admin/article/1M5X0NrnnN HTTP/1.1" 200 -
2025-10-30 09:49:38,263 - werkzeug - INFO - 127.0.0.1 - - [30/Oct/2025 09:49:38] "GET /api/v1/admin/articles HTTP/1.1" 200 -
2025-10-30 09:49:42,805 - backend.api.routes - INFO - Job créé: 3ZgGch3VXD7H pour URL: https://www.lexpress.fr/societe/exclusif-emmanuel-macron-un-president-obsede-par-lespionnage-les-extraits-dun-livre-enquete-BYHV4RLSQBDMBACR742GEJOR3E/?cmp_redirect=true
2025-10-30 09:49:42,806 - werkzeug - INFO - 127.0.0.1 - - [30/Oct/2025 09:49:42] "[35m[1mPOST /api/v1/scrape HTTP/1.1[0m" 201 -
2025-10-30 09:49:42,844 - backend.services.queue_manager - INFO - Traitement de 1 job(s) en attente
2025-10-30 09:49:42,844 - backend.services.queue_manager - INFO - Début traitement job 3ZgGch3VXD7H pour URL: https://www.lexpress.fr/societe/exclusif-emmanuel-macron-un-president-obsede-par-lespionnage-les-extraits-dun-livre-enquete-BYHV4RLSQBDMBACR742GEJOR3E/?cmp_redirect=true
2025-10-30 09:49:42,851 - backend.main - INFO - Nouvelle instance de scraper créée pour job 3ZgGch3VXD7H
2025-10-30 09:49:42,851 - backend.services.scraper_service - INFO - Initialisation lazy du navigateur
2025-10-30 09:49:42,851 - backend.services.scraper_service - INFO - [BROWSER_INIT] Début initialisation navigateur
2025-10-30 09:49:42,851 - backend.services.scraper_service - INFO - [BROWSER_INIT] Chrome path: /usr/bin/google-chrome
2025-10-30 09:49:42,851 - backend.services.scraper_service - INFO - Tentative d'utilisation du chromedriver: /usr/bin/chromedriver
2025-10-30 09:49:44,369 - backend.services.scraper_service - INFO - [BROWSER_INIT] Navigateur Chrome initialisé avec succès
2025-10-30 09:49:44,369 - backend.services.scraper_service - INFO - [BROWSER_INIT] Navigateur object: <selenium.webdriver.chrome.webdriver.WebDriver (session="2991e456c27047f7504490d96340a6e4")>
2025-10-30 09:49:44,369 - backend.services.scraper_service - INFO - [LOGIN] Début connexion au site cible
2025-10-30 09:49:44,369 - backend.services.scraper_service - INFO - [LOGIN] Navigateur: <selenium.webdriver.chrome.webdriver.WebDriver (session="2991e456c27047f7504490d96340a6e4")>
2025-10-30 09:49:44,869 - werkzeug - INFO - 127.0.0.1 - - [30/Oct/2025 09:49:44] "GET /api/v1/job/3ZgGch3VXD7H HTTP/1.1" 200 -
2025-10-30 09:49:46,853 - werkzeug - INFO - 127.0.0.1 - - [30/Oct/2025 09:49:46] "GET /api/v1/job/3ZgGch3VXD7H HTTP/1.1" 200 -
2025-10-30 09:49:48,839 - werkzeug - INFO - 127.0.0.1 - - [30/Oct/2025 09:49:48] "GET /api/v1/job/3ZgGch3VXD7H HTTP/1.1" 200 -
2025-10-30 09:49:53,505 - werkzeug - INFO - 127.0.0.1 - - [30/Oct/2025 09:49:53] "GET /api/v1/job/3ZgGch3VXD7H HTTP/1.1" 200 -
2025-10-30 09:49:53,525 - werkzeug - INFO - 127.0.0.1 - - [30/Oct/2025 09:49:53] "GET /api/v1/job/3ZgGch3VXD7H HTTP/1.1" 200 -
Chargement de la page de connexion...
Attente du champ password...
Champ password trouvé, recherche username...
Champ username trouvé, récupération password...
Tous les champs trouvés
Remplissage du nom d'utilisateur
Remplissage du mot de passe...
Soumission du formulaire de connexion...
Attente de la redirection...
Redirection réussie
Connexion réussie.
2025-10-30 09:49:54,346 - backend.services.scraper_service - INFO - [LOGIN] Connexion réussie
2025-10-30 09:49:54,346 - backend.services.scraper_service - INFO - [LOGIN] Navigateur après connexion: <selenium.webdriver.chrome.webdriver.WebDriver (session="2991e456c27047f7504490d96340a6e4")>
2025-10-30 09:49:54,346 - backend.services.scraper_service - INFO - [3ZgGch3VXD7H] === DÉBUT DU SCRAPING ===
2025-10-30 09:49:54,346 - backend.services.scraper_service - INFO - [3ZgGch3VXD7H] URL: https://www.lexpress.fr/societe/exclusif-emmanuel-macron-un-president-obsede-par-lespionnage-les-extraits-dun-livre-enquete-BYHV4RLSQBDMBACR742GEJOR3E/?cmp_redirect=true
2025-10-30 09:49:54,346 - backend.services.scraper_service - INFO - [3ZgGch3VXD7H] === ÉTAPE 1: Extraction du titre ===
2025-10-30 09:49:54,849 - werkzeug - INFO - 127.0.0.1 - - [30/Oct/2025 09:49:54] "GET /api/v1/job/3ZgGch3VXD7H HTTP/1.1" 200 -
url : https://www.lexpress.fr/societe/exclusif-emmanuel-macron-un-president-obsede-par-lespionnage-les-extraits-dun-livre-enquete-BYHV4RLSQBDMBACR742GEJOR3E/?cmp_redirect=true
Réponse obtenue via requests en 0.49 secondes
2025-10-30 09:49:54,989 - backend.services.scraper_service - INFO - [3ZgGch3VXD7H] Résultat extract_title sans navigateur: ('proposer plan emmanuel macron ses espions extraits exclusifs livre enquête', '"Me proposer un plan" : Emmanuel Macron et ses espions, les extraits exclusifs d’un livre-enquête – L\'Express')
2025-10-30 09:49:54,990 - backend.services.scraper_service - INFO - [3ZgGch3VXD7H] Titre extrait: '"Me proposer un plan" : Emmanuel Macron et ses espions, les extraits exclusifs d’un livre-enquête – L'Express'
2025-10-30 09:49:54,991 - backend.services.scraper_service - INFO - [3ZgGch3VXD7H] Query généré: 'proposer plan emmanuel macron ses espions extraits exclusifs livre enquête'
2025-10-30 09:49:55,008 - backend.services.scraper_service - INFO - [3ZgGch3VXD7H] === ÉTAPE 2: Génération du nom de fichier ===
2025-10-30 09:49:55,009 - backend.services.scraper_service - INFO - [3ZgGch3VXD7H] Query_: 'proposer_plan_emmanuel_macron_ses_espions_extraits_exclusifs_livre_enquête'
2025-10-30 09:49:55,010 - backend.services.scraper_service - INFO - [3ZgGch3VXD7H] Nom généré: 'proposer_plan_emmanuel_macron_ses_espions_extraits_exclusifs_livre_enquête'
2025-10-30 09:49:55,011 - backend.services.scraper_service - INFO - [3ZgGch3VXD7H] PDF path corrigé: /home/maun/read-api-debug/read-scraper-api/static/proposer_plan_emmanuel_macron_ses_espions_extraits_exclusifs_livre_enquête.pdf
2025-10-30 09:49:55,011 - backend.services.scraper_service - INFO - [3ZgGch3VXD7H] Chemins: HTML=/home/maun/read-api-debug/read-scraper-api/static/proposer_plan_emmanuel_macron_ses_espions_extraits_exclusifs_livre_enquête.html, PDF=/home/maun/read-api-debug/read-scraper-api/static/proposer_plan_emmanuel_macron_ses_espions_extraits_exclusifs_livre_enquête.pdf
2025-10-30 09:49:55,012 - backend.services.scraper_service - INFO - [3ZgGch3VXD7H] Article ID généré: T60zmoQuwQ
2025-10-30 09:49:55,013 - backend.services.scraper_service - INFO - [3ZgGch3VXD7H] === ÉTAPE 3: Recherche/scraping ===
2025-10-30 09:49:55,014 - backend.services.scraper_service - INFO - [3ZgGch3VXD7H] Domaine détecté: www.lexpress.fr, supporté: False
2025-10-30 09:49:55,014 - backend.services.scraper_service - INFO - [BROWSER] Vérification navigateur existant: True
2025-10-30 09:49:55,014 - backend.services.scraper_service - INFO - [BROWSER] Navigateur existant réutilisé
2025-10-30 09:49:55,015 - backend.services.scraper_service - INFO - [3ZgGch3VXD7H] Navigateur initialisé pour recherche: True
2025-10-30 09:49:55,155 - backend.services.scraper_service - INFO - [3ZgGch3VXD7H] Screenshot avant recherche: /root/read-scraper-api/static/debug_before_search_3ZgGch3VXD7H_1761814195.png
2025-10-30 09:49:55,179 - backend.services.scraper_service - INFO - [3ZgGch3VXD7H] ENVOI À LA RECHERCHE - Query: 'proposer plan emmanuel macron ses espions extraits exclusifs livre enquête' (len=74), Title: '"Me proposer un plan" : Emmanuel Macron et ses esp...'
2025-10-30 09:49:56,836 - werkzeug - INFO - 127.0.0.1 - - [30/Oct/2025 09:49:56] "GET /api/v1/job/3ZgGch3VXD7H HTTP/1.1" 200 -
2025-10-30 09:49:58,853 - werkzeug - INFO - 127.0.0.1 - - [30/Oct/2025 09:49:58] "GET /api/v1/job/3ZgGch3VXD7H HTTP/1.1" 200 -
2025-10-30 09:50:00,852 - werkzeug - INFO - 127.0.0.1 - - [30/Oct/2025 09:50:00] "GET /api/v1/job/3ZgGch3VXD7H HTTP/1.1" 200 -
2025-10-30 09:50:02,849 - werkzeug - INFO - 127.0.0.1 - - [30/Oct/2025 09:50:02] "GET /api/v1/job/3ZgGch3VXD7H HTTP/1.1" 200 -
2025-10-30 09:50:04,844 - werkzeug - INFO - 127.0.0.1 - - [30/Oct/2025 09:50:04] "GET /api/v1/job/3ZgGch3VXD7H HTTP/1.1" 200 -
Chargement de la page de recherche...
Recherche avec le mot clé : proposer plan emmanuel macron ses espions extraits exclusifs livre enquête
SAISIE DES TERMES DE RECHERCHE: 'proposer plan emmanuel macron ses espions extraits exclusifs livre enquête'
Impossible de prendre screenshot après saisie: name 'job_id' is not defined
Attente que le bouton ne soit pas désactivé...
Soumission du formulaire de recherche...
Logo Title: L'Express
Doc Title: Les espions de Macron
Doc Date: 30/10/2025
Longueur: 3100 mots
Similarité: 5
--------------------------------------------------
Logo Title: L'Express
Doc Title: SOMMAIRE
Doc Date: 30/10/2025
Longueur: 694 mots
Similarité: 0
--------------------------------------------------
Logo Title: lexpress.fr
Doc Title: Me proposer un plan : Emmanuel Macron et ses espions, les extraits exclusifs d’un livre-enquête
Doc Date: 28/10/2025
Longueur: 2976 mots
Similarité: 68
--------------------------------------------------
Logo Title: Ecran Total
Doc Title: Unitaires télévivion
Doc Date: 22/01/2025
Longueur: 30920 mots
Similarité: 0
--------------------------------------------------
Logo Title: Gala
Doc Title: Sous l’œil des paparazzis de la République
Doc Date: 03/03/2022
Longueur: 2873 mots
Similarité: 0
--------------------------------------------------
Logo Title: King
Doc Title: JUAN BRANCO POURQUOI VEULENT-ILS LE FAIRE TAIRE ?
Doc Date: 18/09/2021
Longueur: 13359 mots
Similarité: 0
--------------------------------------------------
Logo Title: L'Express
Doc Title: Les espions de Macron
Doc Date: 30/10/2025
Longueur: 3100 mots
Similarité: 5
--------------------------------------------------
Logo Title: L'Express
Doc Title: SOMMAIRE
Doc Date: 30/10/2025
Longueur: 694 mots
Similarité: 0
--------------------------------------------------
Logo Title: lexpress.fr
Doc Title: Me proposer un plan : Emmanuel Macron et ses espions, les extraits exclusifs d’un livre-enquête
Doc Date: 28/10/2025
Longueur: 2976 mots
Similarité: 68
--------------------------------------------------
Logo Title: Ecran Total
Doc Title: Unitaires télévivion
Doc Date: 22/01/2025
Longueur: 30920 mots
Similarité: 0
--------------------------------------------------
Recherche terminée avec succès.
2025-10-30 09:50:05,037 - backend.services.scraper_service - INFO - [3ZgGch3VXD7H] Résultat recherche: (<selenium.webdriver.chrome.webdriver.WebDriver (session="2991e456c27047f7504490d96340a6e4")>, [{'link': 'https://read.tagaday.fr/search/results?document=X|XPRF|2025|1028|MAIN|articles|article_0000_4e4f9da2e6ea5db3ca0cf9e4983131af323f263c.xml&format=mediadoc&highlighted_words=d%E2%80%99emmanuel+macron,emmanuel+macron,ses+espions,proposer,emmanuel,enqu%C3%AAte,espions,livre,plan&page=1', 'logo': 'lexpress.fr', 'title': 'Me proposer un plan : Emmanuel Macron et ses espions, les extraits exclusifs d’un livre-enquête', 'date': '28/10/2025', 'percentage': 68, 'length': 2976}, {'link': 'https://read.tagaday.fr/search/results?document=X|XPRF|2025|1028|MAIN|articles|article_0000_4e4f9da2e6ea5db3ca0cf9e4983131af323f263c.xml&format=mediadoc&highlighted_words=d%E2%80%99emmanuel+macron,emmanuel+macron,ses+espions,proposer,emmanuel,enqu%C3%AAte,espions,livre,plan&page=1', 'logo': 'lexpress.fr', 'title': 'Me proposer un plan : Emmanuel Macron et ses espions, les extraits exclusifs d’un livre-enquête', 'date': '28/10/2025', 'percentage': 68, 'length': 2976}, {'link': 'https://read.tagaday.fr/search/results?document=E|EXPR|2025|1030|MAIN|articles|article_0018_3240d81ce40ec3243853cb0cfe6ea0f4cf4f3966.xml&format=mediadoc&highlighted_words=extraits+exclusifs,d%E2%80%99emmanuel+macron,emmanuel+macron,enqu%C3%AAte,espions,macron,livre&page=1', 'logo': "L'Express", 'title': 'Les espions de Macron', 'date': '30/10/2025', 'percentage': 5, 'length': 3100}, {'link': 'https://read.tagaday.fr/search/results?document=E|EXPR|2025|1030|MAIN|articles|article_0018_3240d81ce40ec3243853cb0cfe6ea0f4cf4f3966.xml&format=mediadoc&highlighted_words=extraits+exclusifs,d%E2%80%99emmanuel+macron,emmanuel+macron,enqu%C3%AAte,espions,macron,livre&page=1', 'logo': "L'Express", 'title': 'Les espions de Macron', 'date': '30/10/2025', 'percentage': 5, 'length': 3100}, {'link': 'https://read.tagaday.fr/search/results?document=E|EXPR|2025|1030|MAIN|articles|article_0005_b51e5d7fbd20293f4483f10eeeb2440b89381cac.xml&format=mediadoc&highlighted_words=extraits+exclusifs,emmanuel+macron,espions,enqu%C3%AAt%C3%A9,macron,ses&page=1', 'logo': "L'Express", 'title': 'SOMMAIRE', 'date': '30/10/2025', 'percentage': 0, 'length': 694}, {'link': 'https://read.tagaday.fr/search/results?document=L|LRET|2025|0122|MAIN|articles|article_0048_0057.xml&format=mediadoc&highlighted_words=emmanuel+macron,extraits,livre,plan,ses&page=1', 'logo': 'Ecran Total', 'title': 'Unitaires télévivion', 'date': '22/01/2025', 'percentage': 0, 'length': 30920}, {'link': 'https://read.tagaday.fr/search/results?document=P|PP23|2022|0303|MAIN|articles|article_0052_0045.xml&format=mediadoc&highlighted_words=extraits+exclusifs,emmanuel+macron,enqu%C3%AAte,livre,plan&page=1', 'logo': 'Gala', 'title': 'Sous l’œil des paparazzis de la République', 'date': '03/03/2022', 'percentage': 0, 'length': 2873}, {'link': 'https://read.tagaday.fr/search/results?document=K|KING|2021|0918|MAIN|articles|article_0058_0022.xml&format=mediadoc&highlighted_words=emmanuel+macron,extraits,enqu%C3%AAte,macron&page=1', 'logo': 'King', 'title': 'JUAN BRANCO POURQUOI VEULENT-ILS LE FAIRE TAIRE ?', 'date': '18/09/2021', 'percentage': 0, 'length': 13359}, {'link': 'https://read.tagaday.fr/search/results?document=E|EXPR|2025|1030|MAIN|articles|article_0005_b51e5d7fbd20293f4483f10eeeb2440b89381cac.xml&format=mediadoc&highlighted_words=extraits+exclusifs,emmanuel+macron,espions,enqu%C3%AAt%C3%A9,macron,ses&page=1', 'logo': "L'Express", 'title': 'SOMMAIRE', 'date': '30/10/2025', 'percentage': 0, 'length': 694}, {'link': 'https://read.tagaday.fr/search/results?document=L|LRET|2025|0122|MAIN|articles|article_0048_0057.xml&format=mediadoc&highlighted_words=emmanuel+macron,extraits,livre,plan,ses&page=1', 'logo': 'Ecran Total', 'title': 'Unitaires télévivion', 'date': '22/01/2025', 'percentage': 0, 'length': 30920}])
2025-10-30 09:50:05,059 - backend.services.scraper_service - WARNING - [3ZgGch3VXD7H] Aucune correspondance exacte trouvée, utilisation du meilleur résultat
2025-10-30 09:50:05,059 - backend.services.scraper_service - INFO - [3ZgGch3VXD7H] Article trouvé avec probabilité 68% - Site: lexpress.fr
2025-10-30 09:50:05,074 - backend.services.scraper_service - INFO - [3ZgGch3VXD7H] Téléchargement du contenu...
2025-10-30 09:50:06,837 - werkzeug - INFO - 127.0.0.1 - - [30/Oct/2025 09:50:06] "GET /api/v1/job/3ZgGch3VXD7H HTTP/1.1" 200 -
2025-10-30 09:50:08,841 - werkzeug - INFO - 127.0.0.1 - - [30/Oct/2025 09:50:08] "GET /api/v1/job/3ZgGch3VXD7H HTTP/1.1" 200 -
2025-10-30 09:50:10,830 - werkzeug - INFO - 127.0.0.1 - - [30/Oct/2025 09:50:10] "GET /api/v1/job/3ZgGch3VXD7H HTTP/1.1" 200 -
2025-10-30 09:50:12,840 - werkzeug - INFO - 127.0.0.1 - - [30/Oct/2025 09:50:12] "GET /api/v1/job/3ZgGch3VXD7H HTTP/1.1" 200 -
2025-10-30 09:50:14,829 - werkzeug - INFO - 127.0.0.1 - - [30/Oct/2025 09:50:14] "GET /api/v1/job/3ZgGch3VXD7H HTTP/1.1" 200 -
Lien chargé avec succès
Source HTML enregistrée sous downloads/page_source_3ZgGch3VXD7H.html
Div 'content' trouvé
Contenu HTML récupéré avec succès
2025-10-30 09:50:15,599 - backend.services.scraper_service - INFO - [3ZgGch3VXD7H] Nettoyage des balises <mark> du contenu HTML...
2025-10-30 09:50:15,601 - backend.services.scraper_service - INFO - [3ZgGch3VXD7H] Balises <mark> nettoyées
2025-10-30 09:50:15,601 - backend.services.scraper_service - INFO - [3ZgGch3VXD7H] Génération du PDF...
2025-10-30 09:50:16,810 - backend.services.pdf_service - INFO - [3ZgGch3VXD7H] PDF généré: /static/proposer_plan_emmanuel_macron_ses_espions_extraits_exclusifs_livre_enquête.pdf
2025-10-30 09:50:16,810 - backend.services.pdf_service - INFO - [3ZgGch3VXD7H] HTML généré: /static/proposer_plan_emmanuel_macron_ses_espions_extraits_exclusifs_livre_enquête.html
2025-10-30 09:50:16,810 - backend.services.scraper_service - INFO - [3ZgGch3VXD7H] Sauvegarde dans la BDD...
2025-10-30 09:50:16,826 - backend.services.scraper_service - INFO - [3ZgGch3VXD7H] Scraping terminé avec succès
2025-10-30 09:50:16,840 - werkzeug - INFO - 127.0.0.1 - - [30/Oct/2025 09:50:16] "GET /api/v1/job/3ZgGch3VXD7H HTTP/1.1" 200 -
2025-10-30 09:50:16,972 - backend.services.queue_manager - INFO - Job 3ZgGch3VXD7H complété avec succès en 34.12s
2025-10-30 09:50:18,831 - werkzeug - INFO - 127.0.0.1 - - [30/Oct/2025 09:50:18] "GET /api/v1/job/3ZgGch3VXD7H HTTP/1.1" 200 -
2025-10-30 09:50:18,852 - werkzeug - INFO - 127.0.0.1 - - [30/Oct/2025 09:50:18] "GET /api/v1/article/T60zmoQuwQ HTTP/1.1" 200 -
2025-10-30 09:50:18,962 - werkzeug - INFO - 127.0.0.1 - - [30/Oct/2025 09:50:18] "GET /article/T60zmoQuwQ HTTP/1.1" 200 -
2025-10-30 09:50:19,082 - werkzeug - INFO - 127.0.0.1 - - [30/Oct/2025 09:50:19] "[33mGET /static/css/style.css HTTP/1.1[0m" 404 -
2025-10-30 09:58:06,707 - werkzeug - INFO -  * Detected change in '/home/maun/read-api-debug/read-scraper-api/web_scraper/download_article.py', reloading
2025-10-30 09:58:06,826 - werkzeug - INFO -  * Restarting with stat
Using Chrome binary: /usr/bin/google-chrome
CHECKING chromedriver: /home/maun/read-api-debug/read-scraper-api/chromedriver_local/chromedriver exists=False
Using system chromedriver: /usr/bin/chromedriver
2025-10-30 09:58:07,275 - backend.services.queue_manager - INFO - Queue manager démarré
2025-10-30 09:58:07,304 - __main__ - INFO - Demarrage de l'API Scraper
2025-10-30 09:58:07,304 - __main__ - INFO - Repertoire: /home/maun/read-api-debug/read-scraper-api
2025-10-30 09:58:07,305 - werkzeug - WARNING -  * Debugger is active!
2025-10-30 09:58:07,307 - werkzeug - INFO -  * Debugger PIN: 122-958-660
2025-10-30 09:58:24,549 - werkzeug - INFO -  * Detected change in '/home/maun/read-api-debug/read-scraper-api/web_scraper/download_article.py', reloading
2025-10-30 09:58:24,680 - werkzeug - INFO -  * Restarting with stat
Using Chrome binary: /usr/bin/google-chrome
CHECKING chromedriver: /home/maun/read-api-debug/read-scraper-api/chromedriver_local/chromedriver exists=False
Using system chromedriver: /usr/bin/chromedriver
2025-10-30 09:58:25,093 - backend.services.queue_manager - INFO - Queue manager démarré
2025-10-30 09:58:25,120 - __main__ - INFO - Demarrage de l'API Scraper
2025-10-30 09:58:25,120 - __main__ - INFO - Repertoire: /home/maun/read-api-debug/read-scraper-api
2025-10-30 09:58:25,121 - werkzeug - WARNING -  * Debugger is active!
2025-10-30 09:58:25,122 - werkzeug - INFO -  * Debugger PIN: 122-958-660
2025-10-30 09:58:45,333 - werkzeug - INFO -  * Detected change in '/home/maun/read-api-debug/read-scraper-api/web_scraper/download_article.py', reloading
2025-10-30 09:58:45,408 - werkzeug - INFO -  * Restarting with stat
Using Chrome binary: /usr/bin/google-chrome
CHECKING chromedriver: /home/maun/read-api-debug/read-scraper-api/chromedriver_local/chromedriver exists=False
Using system chromedriver: /usr/bin/chromedriver
2025-10-30 09:58:45,878 - backend.services.queue_manager - INFO - Queue manager démarré
2025-10-30 09:58:45,973 - __main__ - INFO - Demarrage de l'API Scraper
2025-10-30 09:58:45,973 - __main__ - INFO - Repertoire: /home/maun/read-api-debug/read-scraper-api
2025-10-30 09:58:45,974 - werkzeug - WARNING -  * Debugger is active!
2025-10-30 09:58:45,999 - werkzeug - INFO -  * Debugger PIN: 122-958-660
2025-10-30 09:59:09,554 - backend.api.routes - INFO - Job créé: loFWrymRKbAn pour URL: https://www.ouest-france.fr/societe/faits-divers/un-magasin-de-velos-sest-fait-voler-pour-167-000-euros-de-marchandises-dans-les-cotes-darmor-4a192388-b4ae-11f0-8e45-c65a76303a8d
2025-10-30 09:59:09,555 - werkzeug - INFO - 127.0.0.1 - - [30/Oct/2025 09:59:09] "[35m[1mPOST /api/v1/scrape HTTP/1.1[0m" 201 -
2025-10-30 09:59:09,720 - backend.services.queue_manager - INFO - Traitement de 1 job(s) en attente
2025-10-30 09:59:09,721 - backend.services.queue_manager - INFO - Début traitement job loFWrymRKbAn pour URL: https://www.ouest-france.fr/societe/faits-divers/un-magasin-de-velos-sest-fait-voler-pour-167-000-euros-de-marchandises-dans-les-cotes-darmor-4a192388-b4ae-11f0-8e45-c65a76303a8d
2025-10-30 09:59:09,742 - backend.main - INFO - Nouvelle instance de scraper créée pour job loFWrymRKbAn
2025-10-30 09:59:09,746 - backend.services.scraper_service - INFO - Initialisation lazy du navigateur
2025-10-30 09:59:09,746 - backend.services.scraper_service - INFO - [BROWSER_INIT] Début initialisation navigateur
2025-10-30 09:59:09,747 - backend.services.scraper_service - INFO - [BROWSER_INIT] Chrome path: /usr/bin/google-chrome
2025-10-30 09:59:09,747 - backend.services.scraper_service - INFO - Tentative d'utilisation du chromedriver: /usr/bin/chromedriver
2025-10-30 09:59:10,864 - backend.services.scraper_service - INFO - [BROWSER_INIT] Navigateur Chrome initialisé avec succès
2025-10-30 09:59:10,865 - backend.services.scraper_service - INFO - [BROWSER_INIT] Navigateur object: <selenium.webdriver.chrome.webdriver.WebDriver (session="7a1780004794069734e576722ed1bdf6")>
2025-10-30 09:59:10,865 - backend.services.scraper_service - INFO - [LOGIN] Début connexion au site cible
2025-10-30 09:59:10,865 - backend.services.scraper_service - INFO - [LOGIN] Navigateur: <selenium.webdriver.chrome.webdriver.WebDriver (session="7a1780004794069734e576722ed1bdf6")>
2025-10-30 09:59:11,828 - werkzeug - INFO - 127.0.0.1 - - [30/Oct/2025 09:59:11] "GET /api/v1/job/loFWrymRKbAn HTTP/1.1" 200 -
2025-10-30 09:59:13,568 - werkzeug - INFO - 127.0.0.1 - - [30/Oct/2025 09:59:13] "GET /api/v1/job/loFWrymRKbAn HTTP/1.1" 200 -
2025-10-30 09:59:15,580 - werkzeug - INFO - 127.0.0.1 - - [30/Oct/2025 09:59:15] "GET /api/v1/job/loFWrymRKbAn HTTP/1.1" 200 -
2025-10-30 09:59:17,837 - werkzeug - INFO - 127.0.0.1 - - [30/Oct/2025 09:59:17] "GET /api/v1/job/loFWrymRKbAn HTTP/1.1" 200 -
2025-10-30 09:59:19,572 - werkzeug - INFO - 127.0.0.1 - - [30/Oct/2025 09:59:19] "GET /api/v1/job/loFWrymRKbAn HTTP/1.1" 200 -
2025-10-30 09:59:21,647 - werkzeug - INFO - 127.0.0.1 - - [30/Oct/2025 09:59:21] "GET /api/v1/job/loFWrymRKbAn HTTP/1.1" 200 -
Chargement de la page de connexion...
Attente du champ password...
Champ password trouvé, recherche username...
Champ username trouvé, récupération password...
Tous les champs trouvés
Remplissage du nom d'utilisateur
Remplissage du mot de passe...
Soumission du formulaire de connexion...
Attente de la redirection...
Redirection réussie
Connexion réussie.
2025-10-30 09:59:22,856 - backend.services.scraper_service - INFO - [LOGIN] Connexion réussie
2025-10-30 09:59:22,856 - backend.services.scraper_service - INFO - [LOGIN] Navigateur après connexion: <selenium.webdriver.chrome.webdriver.WebDriver (session="7a1780004794069734e576722ed1bdf6")>
2025-10-30 09:59:22,856 - backend.services.scraper_service - INFO - [loFWrymRKbAn] === DÉBUT DU SCRAPING ===
2025-10-30 09:59:22,856 - backend.services.scraper_service - INFO - [loFWrymRKbAn] URL: https://www.ouest-france.fr/societe/faits-divers/un-magasin-de-velos-sest-fait-voler-pour-167-000-euros-de-marchandises-dans-les-cotes-darmor-4a192388-b4ae-11f0-8e45-c65a76303a8d
2025-10-30 09:59:22,856 - backend.services.scraper_service - INFO - [loFWrymRKbAn] === ÉTAPE 1: Extraction du titre ===
2025-10-30 09:59:23,588 - werkzeug - INFO - 127.0.0.1 - - [30/Oct/2025 09:59:23] "GET /api/v1/job/loFWrymRKbAn HTTP/1.1" 200 -
url : https://www.ouest-france.fr/societe/faits-divers/un-magasin-de-velos-sest-fait-voler-pour-167-000-euros-de-marchandises-dans-les-cotes-darmor-4a192388-b4ae-11f0-8e45-c65a76303a8d
Réponse obtenue via requests en 0.30 secondes
2025-10-30 09:59:23,658 - backend.services.scraper_service - INFO - [loFWrymRKbAn] Résultat extract_title sans navigateur: ('magasin vélos voler 167 000 marchandises côtes armor', 'Un magasin de vélos s’est fait voler pour 167\xa0000\xa0€ de marchandises dans les Côtes-d’Armor')
2025-10-30 09:59:23,658 - backend.services.scraper_service - INFO - [loFWrymRKbAn] Titre extrait: 'Un magasin de vélos s’est fait voler pour 167 000 € de marchandises dans les Côtes-d’Armor'
2025-10-30 09:59:23,658 - backend.services.scraper_service - INFO - [loFWrymRKbAn] Query généré: 'magasin vélos voler 167 000 marchandises côtes armor'
2025-10-30 09:59:23,682 - backend.services.scraper_service - INFO - [loFWrymRKbAn] === ÉTAPE 2: Génération du nom de fichier ===
2025-10-30 09:59:23,682 - backend.services.scraper_service - INFO - [loFWrymRKbAn] Query_: 'magasin_vélos_voler_167_000_marchandises_côtes_armor'
2025-10-30 09:59:23,682 - backend.services.scraper_service - INFO - [loFWrymRKbAn] Nom généré: 'magasin_vélos_voler_167_000_marchandises_côtes_armor'
2025-10-30 09:59:23,683 - backend.services.scraper_service - INFO - [loFWrymRKbAn] PDF path corrigé: /home/maun/read-api-debug/read-scraper-api/static/magasin_vélos_voler_167_000_marchandises_côtes_armor.pdf
2025-10-30 09:59:23,683 - backend.services.scraper_service - INFO - [loFWrymRKbAn] Chemins: HTML=/home/maun/read-api-debug/read-scraper-api/static/magasin_vélos_voler_167_000_marchandises_côtes_armor.html, PDF=/home/maun/read-api-debug/read-scraper-api/static/magasin_vélos_voler_167_000_marchandises_côtes_armor.pdf
2025-10-30 09:59:23,683 - backend.services.scraper_service - INFO - [loFWrymRKbAn] Article ID généré: qxIdqaa6Fs
2025-10-30 09:59:23,683 - backend.services.scraper_service - INFO - [loFWrymRKbAn] === ÉTAPE 3: Recherche/scraping ===
2025-10-30 09:59:23,683 - backend.services.scraper_service - INFO - [loFWrymRKbAn] Domaine détecté: www.ouest-france.fr, supporté: False
2025-10-30 09:59:23,683 - backend.services.scraper_service - INFO - [BROWSER] Vérification navigateur existant: True
2025-10-30 09:59:23,683 - backend.services.scraper_service - INFO - [BROWSER] Navigateur existant réutilisé
2025-10-30 09:59:23,683 - backend.services.scraper_service - INFO - [loFWrymRKbAn] Navigateur initialisé pour recherche: True
2025-10-30 09:59:24,106 - backend.services.scraper_service - INFO - [loFWrymRKbAn] Screenshot avant recherche: /root/read-scraper-api/static/debug_before_search_loFWrymRKbAn_1761814763.png
2025-10-30 09:59:24,128 - backend.services.scraper_service - INFO - [loFWrymRKbAn] ENVOI À LA RECHERCHE - Query: 'magasin vélos voler 167 000 marchandises côtes armor' (len=52), Title: 'Un magasin de vélos s’est fait voler pour 167 000 ...'
2025-10-30 09:59:25,587 - werkzeug - INFO - 127.0.0.1 - - [30/Oct/2025 09:59:25] "GET /api/v1/job/loFWrymRKbAn HTTP/1.1" 200 -
2025-10-30 09:59:28,224 - werkzeug - INFO - 127.0.0.1 - - [30/Oct/2025 09:59:28] "GET /api/v1/job/loFWrymRKbAn HTTP/1.1" 200 -
2025-10-30 09:59:29,586 - werkzeug - INFO - 127.0.0.1 - - [30/Oct/2025 09:59:29] "GET /api/v1/job/loFWrymRKbAn HTTP/1.1" 200 -
2025-10-30 09:59:31,581 - werkzeug - INFO - 127.0.0.1 - - [30/Oct/2025 09:59:31] "GET /api/v1/job/loFWrymRKbAn HTTP/1.1" 200 -
2025-10-30 09:59:33,583 - werkzeug - INFO - 127.0.0.1 - - [30/Oct/2025 09:59:33] "GET /api/v1/job/loFWrymRKbAn HTTP/1.1" 200 -
Chargement de la page de recherche...
Recherche avec le mot clé : magasin vélos voler 167 000 marchandises côtes armor
SAISIE DES TERMES DE RECHERCHE: 'magasin vélos voler 167 000 marchandises côtes armor'
Impossible de prendre screenshot après saisie: name 'job_id' is not defined
Attente que le bouton ne soit pas désactivé...
Soumission du formulaire de recherche...
Logo Title: Livres Hebdo
Doc Title: electre
Doc Date: 29/05/2015
Longueur: 111842 mots
Similarité: 0
--------------------------------------------------
Logo Title: Livres Hebdo
Doc Title: electre
Doc Date: 29/05/2015
Longueur: 111842 mots
Similarité: 0
--------------------------------------------------
Logo Title: Livres Hebdo
Doc Title: electre
Doc Date: 29/05/2015
Longueur: 111842 mots
Similarité: 0
--------------------------------------------------
Logo Title: Livres Hebdo
Doc Title: electre
Doc Date: 29/05/2015
Longueur: 111842 mots
Similarité: 0
--------------------------------------------------
Logo Title: Livres Hebdo
Doc Title: electre
Doc Date: 29/05/2015
Longueur: 111842 mots
Similarité: 0
--------------------------------------------------
Logo Title: Livres Hebdo
Doc Title: electre
Doc Date: 29/05/2015
Longueur: 111842 mots
Similarité: 0
--------------------------------------------------
Logo Title: Livres Hebdo
Doc Title: electre
Doc Date: 29/05/2015
Longueur: 111842 mots
Similarité: 0
--------------------------------------------------
Logo Title: Livres Hebdo
Doc Title: electre
Doc Date: 29/05/2015
Longueur: 111842 mots
Similarité: 0
--------------------------------------------------
Logo Title: Livres Hebdo
Doc Title: electre
Doc Date: 29/05/2015
Longueur: 111842 mots
Similarité: 0
--------------------------------------------------
Logo Title: Livres Hebdo
Doc Title: electre
Doc Date: 29/05/2015
Longueur: 111842 mots
Similarité: 0
--------------------------------------------------
Recherche terminée avec succès.
2025-10-30 09:59:34,074 - backend.services.scraper_service - INFO - [loFWrymRKbAn] Résultat recherche: (<selenium.webdriver.chrome.webdriver.WebDriver (session="7a1780004794069734e576722ed1bdf6")>, [{'link': 'https://read.tagaday.fr/search/results?document=L|LIHE|2015|0529|MAIN|articles|article_0054_0221.xml&format=mediadoc&highlighted_words=magasins,d%27armor,c%C3%B4tes,0&page=1', 'logo': 'Livres Hebdo', 'title': 'electre', 'date': '29/05/2015', 'percentage': 0, 'length': 111842}, {'link': 'https://read.tagaday.fr/search/results?document=L|LIHE|2015|0529|MAIN|articles|article_0054_0221.xml&format=mediadoc&highlighted_words=magasins,d%27armor,c%C3%B4tes,0&page=1', 'logo': 'Livres Hebdo', 'title': 'electre', 'date': '29/05/2015', 'percentage': 0, 'length': 111842}, {'link': 'https://read.tagaday.fr/search/results?document=L|LIHE|2015|0529|MAIN|articles|article_0054_0221.xml&format=mediadoc&highlighted_words=magasins,d%27armor,c%C3%B4tes,0&page=1', 'logo': 'Livres Hebdo', 'title': 'electre', 'date': '29/05/2015', 'percentage': 0, 'length': 111842}, {'link': 'https://read.tagaday.fr/search/results?document=L|LIHE|2015|0529|MAIN|articles|article_0054_0221.xml&format=mediadoc&highlighted_words=magasins,d%27armor,c%C3%B4tes,0&page=1', 'logo': 'Livres Hebdo', 'title': 'electre', 'date': '29/05/2015', 'percentage': 0, 'length': 111842}, {'link': 'https://read.tagaday.fr/search/results?document=L|LIHE|2015|0529|MAIN|articles|article_0054_0221.xml&format=mediadoc&highlighted_words=magasins,d%27armor,c%C3%B4tes,0&page=1', 'logo': 'Livres Hebdo', 'title': 'electre', 'date': '29/05/2015', 'percentage': 0, 'length': 111842}, {'link': 'https://read.tagaday.fr/search/results?document=L|LIHE|2015|0529|MAIN|articles|article_0054_0221.xml&format=mediadoc&highlighted_words=magasins,d%27armor,c%C3%B4tes,0&page=1', 'logo': 'Livres Hebdo', 'title': 'electre', 'date': '29/05/2015', 'percentage': 0, 'length': 111842}, {'link': 'https://read.tagaday.fr/search/results?document=L|LIHE|2015|0529|MAIN|articles|article_0054_0221.xml&format=mediadoc&highlighted_words=magasins,d%27armor,c%C3%B4tes,0&page=1', 'logo': 'Livres Hebdo', 'title': 'electre', 'date': '29/05/2015', 'percentage': 0, 'length': 111842}, {'link': 'https://read.tagaday.fr/search/results?document=L|LIHE|2015|0529|MAIN|articles|article_0054_0221.xml&format=mediadoc&highlighted_words=magasins,d%27armor,c%C3%B4tes,0&page=1', 'logo': 'Livres Hebdo', 'title': 'electre', 'date': '29/05/2015', 'percentage': 0, 'length': 111842}, {'link': 'https://read.tagaday.fr/search/results?document=L|LIHE|2015|0529|MAIN|articles|article_0054_0221.xml&format=mediadoc&highlighted_words=magasins,d%27armor,c%C3%B4tes,0&page=1', 'logo': 'Livres Hebdo', 'title': 'electre', 'date': '29/05/2015', 'percentage': 0, 'length': 111842}, {'link': 'https://read.tagaday.fr/search/results?document=L|LIHE|2015|0529|MAIN|articles|article_0054_0221.xml&format=mediadoc&highlighted_words=magasins,d%27armor,c%C3%B4tes,0&page=1', 'logo': 'Livres Hebdo', 'title': 'electre', 'date': '29/05/2015', 'percentage': 0, 'length': 111842}])
2025-10-30 09:59:34,094 - backend.services.scraper_service - WARNING - [loFWrymRKbAn] Aucune correspondance exacte trouvée, utilisation du meilleur résultat
2025-10-30 09:59:34,095 - backend.services.scraper_service - INFO - [loFWrymRKbAn] Article trouvé avec probabilité 0% - Site: Livres Hebdo
2025-10-30 09:59:34,108 - backend.services.scraper_service - INFO - [loFWrymRKbAn] Téléchargement du contenu...
2025-10-30 09:59:35,606 - werkzeug - INFO - 127.0.0.1 - - [30/Oct/2025 09:59:35] "GET /api/v1/job/loFWrymRKbAn HTTP/1.1" 200 -
2025-10-30 09:59:37,587 - werkzeug - INFO - 127.0.0.1 - - [30/Oct/2025 09:59:37] "GET /api/v1/job/loFWrymRKbAn HTTP/1.1" 200 -
2025-10-30 09:59:39,588 - werkzeug - INFO - 127.0.0.1 - - [30/Oct/2025 09:59:39] "GET /api/v1/job/loFWrymRKbAn HTTP/1.1" 200 -
2025-10-30 09:59:41,587 - werkzeug - INFO - 127.0.0.1 - - [30/Oct/2025 09:59:41] "GET /api/v1/job/loFWrymRKbAn HTTP/1.1" 200 -
2025-10-30 09:59:43,579 - werkzeug - INFO - 127.0.0.1 - - [30/Oct/2025 09:59:43] "GET /api/v1/job/loFWrymRKbAn HTTP/1.1" 200 -
Lien chargé avec succès
Source HTML enregistrée sous downloads/page_source_loFWrymRKbAn.html
Div 'content' trouvé
Contenu HTML récupéré avec succès
2025-10-30 09:59:44,935 - backend.services.scraper_service - INFO - [loFWrymRKbAn] Nettoyage des balises <mark> du contenu HTML...
2025-10-30 09:59:44,942 - backend.services.scraper_service - INFO - [loFWrymRKbAn] Balises <mark> nettoyées
2025-10-30 09:59:44,942 - backend.services.scraper_service - INFO - [loFWrymRKbAn] Génération du PDF...
2025-10-30 09:59:48,231 - werkzeug - INFO - 127.0.0.1 - - [30/Oct/2025 09:59:48] "GET /api/v1/job/loFWrymRKbAn HTTP/1.1" 200 -
2025-10-30 09:59:48,276 - werkzeug - INFO - 127.0.0.1 - - [30/Oct/2025 09:59:48] "GET /api/v1/job/loFWrymRKbAn HTTP/1.1" 200 -
2025-10-30 09:59:49,292 - backend.services.pdf_service - INFO - [loFWrymRKbAn] PDF généré: /static/magasin_vélos_voler_167_000_marchandises_côtes_armor.pdf
2025-10-30 09:59:49,292 - backend.services.pdf_service - INFO - [loFWrymRKbAn] HTML généré: /static/magasin_vélos_voler_167_000_marchandises_côtes_armor.html
2025-10-30 09:59:49,292 - backend.services.scraper_service - INFO - [loFWrymRKbAn] Sauvegarde dans la BDD...
2025-10-30 09:59:49,492 - backend.services.scraper_service - INFO - [loFWrymRKbAn] Scraping terminé avec succès
2025-10-30 09:59:49,575 - backend.services.queue_manager - INFO - Job loFWrymRKbAn complété avec succès en 39.83s
2025-10-30 09:59:49,593 - werkzeug - INFO - 127.0.0.1 - - [30/Oct/2025 09:59:49] "GET /api/v1/job/loFWrymRKbAn HTTP/1.1" 200 -
2025-10-30 09:59:49,623 - werkzeug - INFO - 127.0.0.1 - - [30/Oct/2025 09:59:49] "GET /api/v1/article/qxIdqaa6Fs HTTP/1.1" 200 -
2025-10-30 09:59:49,840 - werkzeug - INFO - 127.0.0.1 - - [30/Oct/2025 09:59:49] "GET /article/qxIdqaa6Fs HTTP/1.1" 200 -
2025-10-30 09:59:50,457 - werkzeug - INFO - 127.0.0.1 - - [30/Oct/2025 09:59:50] "[33mGET /static/css/style.css HTTP/1.1[0m" 404 -
2025-10-30 10:17:07,311 - werkzeug - INFO - 127.0.0.1 - - [30/Oct/2025 10:17:07] "GET /article/qxIdqaa6Fs HTTP/1.1" 200 -
2025-10-30 10:17:07,372 - werkzeug - INFO - 127.0.0.1 - - [30/Oct/2025 10:17:07] "[33mGET /static/css/style.css HTTP/1.1[0m" 404 -
2025-10-30 10:17:18,358 - werkzeug - INFO - 127.0.0.1 - - [30/Oct/2025 10:17:18] "GET /article/qxIdqaa6Fs HTTP/1.1" 200 -
2025-10-30 10:17:18,393 - werkzeug - INFO - 127.0.0.1 - - [30/Oct/2025 10:17:18] "[33mGET /static/css/style.css HTTP/1.1[0m" 404 -
2025-10-30 10:17:45,569 - werkzeug - INFO - 127.0.0.1 - - [30/Oct/2025 10:17:45] "[33mGET /article/test123 HTTP/1.1[0m" 404 -
2025-10-30 10:17:46,601 - werkzeug - INFO - 127.0.0.1 - - [30/Oct/2025 10:17:46] "GET /api/v1/articles?limit=1 HTTP/1.1" 200 -
2025-10-30 10:17:46,689 - werkzeug - INFO - 127.0.0.1 - - [30/Oct/2025 10:17:46] "GET /article/qxIdqaa6Fs HTTP/1.1" 200 -
2025-10-30 10:17:47,486 - werkzeug - INFO - 127.0.0.1 - - [30/Oct/2025 10:17:47] "GET /api/v1/articles?limit=1 HTTP/1.1" 200 -
2025-10-30 10:17:47,566 - werkzeug - INFO - 127.0.0.1 - - [30/Oct/2025 10:17:47] "GET /article/qxIdqaa6Fs HTTP/1.1" 200 -
2025-10-30 10:17:54,125 - werkzeug - INFO - 127.0.0.1 - - [30/Oct/2025 10:17:54] "GET /api/v1/articles?limit=1 HTTP/1.1" 200 -
2025-10-30 10:17:54,203 - werkzeug - INFO - 127.0.0.1 - - [30/Oct/2025 10:17:54] "GET /article/qxIdqaa6Fs HTTP/1.1" 200 -
2025-10-30 10:17:54,824 - werkzeug - INFO - 127.0.0.1 - - [30/Oct/2025 10:17:54] "GET /api/v1/articles?limit=1 HTTP/1.1" 200 -
2025-10-30 10:17:54,884 - werkzeug - INFO - 127.0.0.1 - - [30/Oct/2025 10:17:54] "GET /article/qxIdqaa6Fs HTTP/1.1" 200 -
2025-10-30 10:17:55,528 - werkzeug - INFO - 127.0.0.1 - - [30/Oct/2025 10:17:55] "GET /api/v1/articles?limit=1 HTTP/1.1" 200 -
2025-10-30 10:17:55,588 - werkzeug - INFO - 127.0.0.1 - - [30/Oct/2025 10:17:55] "GET /article/qxIdqaa6Fs HTTP/1.1" 200 -
2025-10-30 10:18:02,488 - werkzeug - INFO - 127.0.0.1 - - [30/Oct/2025 10:18:02] "GET /article/qxIdqaa6Fs HTTP/1.1" 200 -
2025-10-30 10:18:02,551 - werkzeug - INFO - 127.0.0.1 - - [30/Oct/2025 10:18:02] "[33mGET /static/css/style.css HTTP/1.1[0m" 404 -
2025-10-30 10:18:12,323 - werkzeug - INFO - 127.0.0.1 - - [30/Oct/2025 10:18:12] "GET /article/qxIdqaa6Fs HTTP/1.1" 200 -
2025-10-30 10:18:12,356 - werkzeug - INFO - 127.0.0.1 - - [30/Oct/2025 10:18:12] "[33mGET /static/css/style.css HTTP/1.1[0m" 404 -
2025-10-30 10:18:12,686 - werkzeug - INFO - 127.0.0.1 - - [30/Oct/2025 10:18:12] "[33mGET /favicon.ico HTTP/1.1[0m" 404 -
2025-10-30 10:18:15,172 - werkzeug - INFO - 127.0.0.1 - - [30/Oct/2025 10:18:15] "GET /api/v1/articles?limit=1 HTTP/1.1" 200 -
2025-10-30 10:18:15,215 - werkzeug - INFO - 127.0.0.1 - - [30/Oct/2025 10:18:15] "GET /article/qxIdqaa6Fs HTTP/1.1" 200 -
2025-10-30 10:18:19,439 - werkzeug - INFO - 127.0.0.1 - - [30/Oct/2025 10:18:19] "GET /api/v1/articles?limit=1 HTTP/1.1" 200 -
2025-10-30 10:18:19,478 - werkzeug - INFO - 127.0.0.1 - - [30/Oct/2025 10:18:19] "GET /article/qxIdqaa6Fs HTTP/1.1" 200 -
2025-10-30 10:18:20,204 - werkzeug - INFO - 127.0.0.1 - - [30/Oct/2025 10:18:20] "GET /api/v1/articles?limit=1 HTTP/1.1" 200 -
2025-10-30 10:18:20,244 - werkzeug - INFO - 127.0.0.1 - - [30/Oct/2025 10:18:20] "GET /article/qxIdqaa6Fs HTTP/1.1" 200 -
2025-10-30 10:18:22,146 - werkzeug - INFO - 127.0.0.1 - - [30/Oct/2025 10:18:22] "GET /api/v1/articles?limit=1 HTTP/1.1" 200 -
2025-10-30 10:18:22,187 - werkzeug - INFO - 127.0.0.1 - - [30/Oct/2025 10:18:22] "GET /article/qxIdqaa6Fs HTTP/1.1" 200 -
2025-10-30 10:18:35,088 - werkzeug - INFO - 127.0.0.1 - - [30/Oct/2025 10:18:35] "GET /api/v1/articles?limit=1 HTTP/1.1" 200 -
2025-10-30 10:18:35,163 - werkzeug - INFO - 127.0.0.1 - - [30/Oct/2025 10:18:35] "[33mPOST /api/v1/job/qxIdqaa6Fs/reject HTTP/1.1[0m" 404 -
2025-10-30 10:18:35,901 - werkzeug - INFO - 127.0.0.1 - - [30/Oct/2025 10:18:35] "GET /api/v1/articles?limit=5 HTTP/1.1" 200 -
2025-10-30 10:18:47,976 - werkzeug - INFO - 127.0.0.1 - - [30/Oct/2025 10:18:47] "GET /article/qxIdqaa6Fs HTTP/1.1" 200 -
2025-10-30 10:18:48,514 - werkzeug - INFO - 127.0.0.1 - - [30/Oct/2025 10:18:48] "GET /article/qxIdqaa6Fs HTTP/1.1" 200 -
2025-10-30 10:18:49,142 - werkzeug - INFO - 127.0.0.1 - - [30/Oct/2025 10:18:49] "GET /article/qxIdqaa6Fs HTTP/1.1" 200 -
2025-10-30 10:18:51,454 - werkzeug - INFO - 127.0.0.1 - - [30/Oct/2025 10:18:51] "HEAD /article/qxIdqaa6Fs HTTP/1.1" 200 -
2025-10-30 10:18:52,048 - werkzeug - INFO - 127.0.0.1 - - [30/Oct/2025 10:18:52] "GET /article/qxIdqaa6Fs HTTP/1.1" 200 -
2025-10-30 10:19:02,399 - werkzeug - INFO - 127.0.0.1 - - [30/Oct/2025 10:19:02] "GET /article/qxIdqaa6Fs HTTP/1.1" 200 -
2025-10-30 10:19:02,459 - werkzeug - INFO - 127.0.0.1 - - [30/Oct/2025 10:19:02] "[33mGET /static/css/style.css HTTP/1.1[0m" 404 -
2025-10-30 10:19:04,841 - werkzeug - INFO - 127.0.0.1 - - [30/Oct/2025 10:19:04] "GET /article/qxIdqaa6Fs HTTP/1.1" 200 -
2025-10-30 10:19:04,869 - werkzeug - INFO - 127.0.0.1 - - [30/Oct/2025 10:19:04] "[33mGET /static/css/style.css HTTP/1.1[0m" 404 -
2025-10-30 10:19:07,039 - werkzeug - INFO - 127.0.0.1 - - [30/Oct/2025 10:19:07] "GET /article/qxIdqaa6Fs HTTP/1.1" 200 -
2025-10-30 10:19:07,654 - werkzeug - INFO - 127.0.0.1 - - [30/Oct/2025 10:19:07] "GET /article/qxIdqaa6Fs HTTP/1.1" 200 -
2025-10-30 10:19:13,064 - werkzeug - INFO - 127.0.0.1 - - [30/Oct/2025 10:19:13] "GET /article/qxIdqaa6Fs HTTP/1.1" 200 -
2025-10-30 10:19:13,832 - werkzeug - INFO - 127.0.0.1 - - [30/Oct/2025 10:19:13] "GET /article/qxIdqaa6Fs HTTP/1.1" 200 -
2025-10-30 10:19:35,457 - werkzeug - INFO -  * Detected change in '/home/maun/read-api-debug/read-scraper-api/backend/main.py', reloading
2025-10-30 10:19:35,589 - werkzeug - INFO -  * Restarting with stat
Using Chrome binary: /usr/bin/google-chrome
CHECKING chromedriver: /home/maun/read-api-debug/read-scraper-api/chromedriver_local/chromedriver exists=False
Using system chromedriver: /usr/bin/chromedriver
2025-10-30 10:19:36,373 - backend.services.queue_manager - INFO - Queue manager démarré
2025-10-30 10:19:36,422 - __main__ - INFO - Demarrage de l'API Scraper
2025-10-30 10:19:36,422 - __main__ - INFO - Repertoire: /home/maun/read-api-debug/read-scraper-api
2025-10-30 10:19:36,422 - werkzeug - WARNING -  * Debugger is active!
2025-10-30 10:19:36,431 - werkzeug - INFO -  * Debugger PIN: 122-958-660
2025-10-30 10:19:42,530 - werkzeug - INFO -  * Detected change in '/home/maun/read-api-debug/read-scraper-api/backend/models/database.py', reloading
2025-10-30 10:19:42,668 - werkzeug - INFO -  * Restarting with stat
Using Chrome binary: /usr/bin/google-chrome
CHECKING chromedriver: /home/maun/read-api-debug/read-scraper-api/chromedriver_local/chromedriver exists=False
Using system chromedriver: /usr/bin/chromedriver
2025-10-30 10:19:43,302 - backend.services.queue_manager - INFO - Queue manager démarré
2025-10-30 10:19:43,357 - __main__ - INFO - Demarrage de l'API Scraper
2025-10-30 10:19:43,357 - __main__ - INFO - Repertoire: /home/maun/read-api-debug/read-scraper-api
2025-10-30 10:19:43,359 - werkzeug - WARNING -  * Debugger is active!
2025-10-30 10:19:43,363 - werkzeug - INFO -  * Debugger PIN: 122-958-660
2025-10-30 10:19:44,766 - werkzeug - INFO - 127.0.0.1 - - [30/Oct/2025 10:19:44] "GET /article/qxIdqaa6Fs HTTP/1.1" 200 -
2025-10-30 10:19:45,543 - werkzeug - INFO - 127.0.0.1 - - [30/Oct/2025 10:19:45] "GET /article/qxIdqaa6Fs HTTP/1.1" 200 -
2025-10-30 10:19:46,329 - werkzeug - INFO - 127.0.0.1 - - [30/Oct/2025 10:19:46] "GET /article/qxIdqaa6Fs HTTP/1.1" 200 -
2025-10-30 10:19:52,535 - werkzeug - INFO - 127.0.0.1 - - [30/Oct/2025 10:19:52] "GET /article/qxIdqaa6Fs HTTP/1.1" 200 -
2025-10-30 10:19:52,674 - werkzeug - INFO - 127.0.0.1 - - [30/Oct/2025 10:19:52] "[33mGET /static/css/style.css HTTP/1.1[0m" 404 -
2025-10-30 10:19:53,527 - werkzeug - INFO -  * Detected change in '/home/maun/read-api-debug/read-scraper-api/backend/models/database.py', reloading
2025-10-30 10:19:53,617 - werkzeug - INFO -  * Restarting with stat
Using Chrome binary: /usr/bin/google-chrome
CHECKING chromedriver: /home/maun/read-api-debug/read-scraper-api/chromedriver_local/chromedriver exists=False
Using system chromedriver: /usr/bin/chromedriver
2025-10-30 10:19:53,949 - backend.services.queue_manager - INFO - Queue manager démarré
2025-10-30 10:19:53,973 - __main__ - INFO - Demarrage de l'API Scraper
2025-10-30 10:19:53,974 - __main__ - INFO - Repertoire: /home/maun/read-api-debug/read-scraper-api
2025-10-30 10:19:53,974 - werkzeug - WARNING -  * Debugger is active!
2025-10-30 10:19:53,976 - werkzeug - INFO -  * Debugger PIN: 122-958-660
2025-10-30 10:19:54,994 - werkzeug - INFO -  * Detected change in '/home/maun/read-api-debug/read-scraper-api/backend/models/database.py', reloading
2025-10-30 10:19:55,089 - werkzeug - INFO -  * Restarting with stat
Using Chrome binary: /usr/bin/google-chrome
CHECKING chromedriver: /home/maun/read-api-debug/read-scraper-api/chromedriver_local/chromedriver exists=False
Using system chromedriver: /usr/bin/chromedriver
2025-10-30 10:19:55,439 - backend.services.queue_manager - INFO - Queue manager démarré
2025-10-30 10:19:55,465 - __main__ - INFO - Demarrage de l'API Scraper
2025-10-30 10:19:55,465 - __main__ - INFO - Repertoire: /home/maun/read-api-debug/read-scraper-api
2025-10-30 10:19:55,466 - werkzeug - WARNING -  * Debugger is active!
2025-10-30 10:19:55,468 - werkzeug - INFO -  * Debugger PIN: 122-958-660
2025-10-30 10:20:00,527 - werkzeug - INFO - 127.0.0.1 - - [30/Oct/2025 10:20:00] "GET /article/qxIdqaa6Fs HTTP/1.1" 200 -
2025-10-30 10:20:00,551 - werkzeug - INFO - 127.0.0.1 - - [30/Oct/2025 10:20:00] "[33mGET /static/css/style.css HTTP/1.1[0m" 404 -
2025-10-30 10:20:50,053 - werkzeug - INFO - 127.0.0.1 - - [30/Oct/2025 10:20:50] "GET /article/qxIdqaa6Fs HTTP/1.1" 200 -
2025-10-30 10:20:50,728 - werkzeug - INFO - 127.0.0.1 - - [30/Oct/2025 10:20:50] "GET /article/qxIdqaa6Fs HTTP/1.1" 200 -
2025-10-30 10:20:51,337 - werkzeug - INFO - 127.0.0.1 - - [30/Oct/2025 10:20:51] "GET /article/qxIdqaa6Fs HTTP/1.1" 200 -
2025-10-30 10:20:51,949 - werkzeug - INFO - 127.0.0.1 - - [30/Oct/2025 10:20:51] "GET /article/qxIdqaa6Fs HTTP/1.1" 200 -
2025-10-30 10:20:53,675 - werkzeug - INFO - 127.0.0.1 - - [30/Oct/2025 10:20:53] "GET /article/qxIdqaa6Fs HTTP/1.1" 200 -
2025-10-30 10:20:54,424 - werkzeug - INFO - 127.0.0.1 - - [30/Oct/2025 10:20:54] "GET /article/qxIdqaa6Fs HTTP/1.1" 200 -
2025-10-30 10:21:10,210 - werkzeug - INFO - 127.0.0.1 - - [30/Oct/2025 10:21:10] "GET /article/qxIdqaa6Fs HTTP/1.1" 200 -
2025-10-30 10:21:29,155 - werkzeug - INFO - 127.0.0.1 - - [30/Oct/2025 10:21:29] "GET /article/qxIdqaa6Fs HTTP/1.1" 200 -
2025-10-30 10:21:40,166 - werkzeug - INFO - 127.0.0.1 - - [30/Oct/2025 10:21:40] "GET /article/qxIdqaa6Fs HTTP/1.1" 200 -
2025-10-30 10:21:41,014 - werkzeug - INFO - 127.0.0.1 - - [30/Oct/2025 10:21:41] "GET /article/qxIdqaa6Fs HTTP/1.1" 200 -
2025-10-30 10:21:56,472 - werkzeug - INFO - 127.0.0.1 - - [30/Oct/2025 10:21:56] "GET /article/qxIdqaa6Fs HTTP/1.1" 200 -
2025-10-30 10:21:57,311 - werkzeug - INFO - 127.0.0.1 - - [30/Oct/2025 10:21:57] "GET /article/qxIdqaa6Fs HTTP/1.1" 200 -
2025-10-30 10:21:58,037 - werkzeug - INFO - 127.0.0.1 - - [30/Oct/2025 10:21:58] "GET /article/qxIdqaa6Fs HTTP/1.1" 200 -
2025-10-30 10:22:08,155 - werkzeug - INFO - 127.0.0.1 - - [30/Oct/2025 10:22:08] "GET /article/qxIdqaa6Fs HTTP/1.1" 200 -
2025-10-30 10:22:48,495 - werkzeug - INFO - 127.0.0.1 - - [30/Oct/2025 10:22:48] "[31m[1mGET /api/v1/article/qxIdqaa6Fs HTTP/1.1[0m" 401 -
2025-10-30 10:22:49,368 - werkzeug - INFO - 127.0.0.1 - - [30/Oct/2025 10:22:49] "[31m[1mGET /api/v1/article/qxIdqaa6Fs HTTP/1.1[0m" 401 -
2025-10-30 10:27:41,393 - werkzeug - INFO - 127.0.0.1 - - [30/Oct/2025 10:27:41] "[35m[1mGET /article/qxIdqaa6Fs HTTP/1.1[0m" 500 -
Traceback (most recent call last):
  File "/home/maun/read-api-debug/read-scraper-api/venv/lib/python3.12/site-packages/flask/app.py", line 2548, in __call__
    return self.wsgi_app(environ, start_response)
           ^^^^^^^^^^^^^^^^^^^^^^^^^^^^^^^^^^^^^^
  File "/home/maun/read-api-debug/read-scraper-api/venv/lib/python3.12/site-packages/flask/app.py", line 2528, in wsgi_app
    response = self.handle_exception(e)
               ^^^^^^^^^^^^^^^^^^^^^^^^
  File "/home/maun/read-api-debug/read-scraper-api/venv/lib/python3.12/site-packages/flask_cors/extension.py", line 176, in wrapped_function
    return cors_after_request(app.make_response(f(*args, **kwargs)))
                                                ^^^^^^^^^^^^^^^^^^^^
  File "/home/maun/read-api-debug/read-scraper-api/venv/lib/python3.12/site-packages/flask/app.py", line 2525, in wsgi_app
    response = self.full_dispatch_request()
               ^^^^^^^^^^^^^^^^^^^^^^^^^^^^
  File "/home/maun/read-api-debug/read-scraper-api/venv/lib/python3.12/site-packages/flask/app.py", line 1822, in full_dispatch_request
    rv = self.handle_user_exception(e)
         ^^^^^^^^^^^^^^^^^^^^^^^^^^^^^
  File "/home/maun/read-api-debug/read-scraper-api/venv/lib/python3.12/site-packages/flask_cors/extension.py", line 176, in wrapped_function
    return cors_after_request(app.make_response(f(*args, **kwargs)))
                                                ^^^^^^^^^^^^^^^^^^^^
  File "/home/maun/read-api-debug/read-scraper-api/venv/lib/python3.12/site-packages/flask/app.py", line 1820, in full_dispatch_request
    rv = self.dispatch_request()
         ^^^^^^^^^^^^^^^^^^^^^^^
  File "/home/maun/read-api-debug/read-scraper-api/venv/lib/python3.12/site-packages/flask/app.py", line 1796, in dispatch_request
    return self.ensure_sync(self.view_functions[rule.endpoint])(**view_args)
           ^^^^^^^^^^^^^^^^^^^^^^^^^^^^^^^^^^^^^^^^^^^^^^^^^^^^^^^^^^^^^^^^^
  File "/home/maun/read-api-debug/read-scraper-api/backend/main.py", line 156, in view_article
    return render_template('article.html', article=article, job_id=job_id)
           ^^^^^^^^^^^^^^^^^^^^^^^^^^^^^^^^^^^^^^^^^^^^^^^^^^^^^^^^^^^^^^^
  File "/home/maun/read-api-debug/read-scraper-api/venv/lib/python3.12/site-packages/flask/templating.py", line 146, in render_template
    template = app.jinja_env.get_or_select_template(template_name_or_list)
               ^^^^^^^^^^^^^^^^^^^^^^^^^^^^^^^^^^^^^^^^^^^^^^^^^^^^^^^^^^^
  File "/home/maun/read-api-debug/read-scraper-api/venv/lib/python3.12/site-packages/jinja2/environment.py", line 1087, in get_or_select_template
    return self.get_template(template_name_or_list, parent, globals)
           ^^^^^^^^^^^^^^^^^^^^^^^^^^^^^^^^^^^^^^^^^^^^^^^^^^^^^^^^^
  File "/home/maun/read-api-debug/read-scraper-api/venv/lib/python3.12/site-packages/jinja2/environment.py", line 1016, in get_template
    return self._load_template(name, globals)
           ^^^^^^^^^^^^^^^^^^^^^^^^^^^^^^^^^^
  File "/home/maun/read-api-debug/read-scraper-api/venv/lib/python3.12/site-packages/jinja2/environment.py", line 975, in _load_template
    template = self.loader.load(self, name, self.make_globals(globals))
               ^^^^^^^^^^^^^^^^^^^^^^^^^^^^^^^^^^^^^^^^^^^^^^^^^^^^^^^^
  File "/home/maun/read-api-debug/read-scraper-api/venv/lib/python3.12/site-packages/jinja2/loaders.py", line 126, in load
    source, filename, uptodate = self.get_source(environment, name)
                                 ^^^^^^^^^^^^^^^^^^^^^^^^^^^^^^^^^^
  File "/home/maun/read-api-debug/read-scraper-api/venv/lib/python3.12/site-packages/flask/templating.py", line 62, in get_source
    return self._get_source_fast(environment, template)
           ^^^^^^^^^^^^^^^^^^^^^^^^^^^^^^^^^^^^^^^^^^^^
  File "/home/maun/read-api-debug/read-scraper-api/venv/lib/python3.12/site-packages/flask/templating.py", line 98, in _get_source_fast
    raise TemplateNotFound(template)
jinja2.exceptions.TemplateNotFound: article.html
2025-10-30 10:28:05,631 - werkzeug - INFO - 127.0.0.1 - - [30/Oct/2025 10:28:05] "GET /article/qxIdqaa6Fs HTTP/1.1" 200 -
2025-10-30 10:28:06,557 - werkzeug - INFO - 127.0.0.1 - - [30/Oct/2025 10:28:06] "GET /article/qxIdqaa6Fs HTTP/1.1" 200 -
2025-10-30 10:28:07,459 - werkzeug - INFO - 127.0.0.1 - - [30/Oct/2025 10:28:07] "GET /article/qxIdqaa6Fs HTTP/1.1" 200 -
2025-10-30 10:28:13,877 - werkzeug - INFO - 127.0.0.1 - - [30/Oct/2025 10:28:13] "GET /article/qxIdqaa6Fs HTTP/1.1" 200 -
2025-10-30 10:28:43,118 - werkzeug - INFO -  * Detected change in '/home/maun/read-api-debug/read-scraper-api/backend/main.py', reloading
2025-10-30 10:28:43,275 - werkzeug - INFO -  * Restarting with stat
Using Chrome binary: /usr/bin/google-chrome
CHECKING chromedriver: /home/maun/read-api-debug/read-scraper-api/chromedriver_local/chromedriver exists=False
Using system chromedriver: /usr/bin/chromedriver
2025-10-30 10:28:44,062 - backend.services.queue_manager - INFO - Queue manager démarré
2025-10-30 10:28:44,140 - __main__ - INFO - Demarrage de l'API Scraper
2025-10-30 10:28:44,140 - __main__ - INFO - Repertoire: /home/maun/read-api-debug/read-scraper-api
2025-10-30 10:28:44,141 - werkzeug - WARNING -  * Debugger is active!
2025-10-30 10:28:44,145 - werkzeug - INFO -  * Debugger PIN: 122-958-660
2025-10-30 10:29:41,488 - werkzeug - INFO -  * Detected change in '/home/maun/read-api-debug/read-scraper-api/backend/services/scraper_service.py', reloading
2025-10-30 10:29:41,850 - werkzeug - INFO -  * Restarting with stat
Using Chrome binary: /usr/bin/google-chrome
CHECKING chromedriver: /home/maun/read-api-debug/read-scraper-api/chromedriver_local/chromedriver exists=False
Using system chromedriver: /usr/bin/chromedriver
2025-10-30 10:29:42,822 - backend.services.queue_manager - INFO - Queue manager démarré
2025-10-30 10:29:42,888 - __main__ - INFO - Demarrage de l'API Scraper
2025-10-30 10:29:42,888 - __main__ - INFO - Repertoire: /home/maun/read-api-debug/read-scraper-api
2025-10-30 10:29:42,889 - werkzeug - WARNING -  * Debugger is active!
2025-10-30 10:29:42,896 - werkzeug - INFO -  * Debugger PIN: 122-958-660
2025-10-30 10:29:55,190 - werkzeug - INFO -  * Detected change in '/home/maun/read-api-debug/read-scraper-api/backend/services/scraper_service.py', reloading
2025-10-30 10:29:55,366 - werkzeug - INFO -  * Restarting with stat
Using Chrome binary: /usr/bin/google-chrome
CHECKING chromedriver: /home/maun/read-api-debug/read-scraper-api/chromedriver_local/chromedriver exists=False
Using system chromedriver: /usr/bin/chromedriver
2025-10-30 10:29:56,021 - backend.services.queue_manager - INFO - Queue manager démarré
2025-10-30 10:29:56,071 - __main__ - INFO - Demarrage de l'API Scraper
2025-10-30 10:29:56,071 - __main__ - INFO - Repertoire: /home/maun/read-api-debug/read-scraper-api
2025-10-30 10:29:56,072 - werkzeug - WARNING -  * Debugger is active!
2025-10-30 10:29:56,075 - werkzeug - INFO -  * Debugger PIN: 122-958-660
2025-10-30 10:30:06,280 - werkzeug - INFO -  * Detected change in '/home/maun/read-api-debug/read-scraper-api/backend/services/scraper_service.py', reloading
2025-10-30 10:30:06,412 - werkzeug - INFO -  * Restarting with stat
Using Chrome binary: /usr/bin/google-chrome
CHECKING chromedriver: /home/maun/read-api-debug/read-scraper-api/chromedriver_local/chromedriver exists=False
Using system chromedriver: /usr/bin/chromedriver
2025-10-30 10:30:07,077 - backend.services.queue_manager - INFO - Queue manager démarré
2025-10-30 10:30:07,122 - __main__ - INFO - Demarrage de l'API Scraper
2025-10-30 10:30:07,122 - __main__ - INFO - Repertoire: /home/maun/read-api-debug/read-scraper-api
2025-10-30 10:30:07,122 - werkzeug - WARNING -  * Debugger is active!
2025-10-30 10:30:07,125 - werkzeug - INFO -  * Debugger PIN: 122-958-660
2025-10-30 10:30:31,619 - werkzeug - INFO -  * Detected change in '/home/maun/read-api-debug/read-scraper-api/backend/main.py', reloading
2025-10-30 10:30:31,783 - werkzeug - INFO -  * Restarting with stat
Using Chrome binary: /usr/bin/google-chrome
CHECKING chromedriver: /home/maun/read-api-debug/read-scraper-api/chromedriver_local/chromedriver exists=False
Using system chromedriver: /usr/bin/chromedriver
2025-10-30 10:30:32,430 - backend.main - INFO - Nettoyage des articles de plus de 30 jours...
Traceback (most recent call last):
  File "/home/maun/read-api-debug/read-scraper-api/run_api.py", line 14, in <module>
    from backend.main import app
  File "/home/maun/read-api-debug/read-scraper-api/backend/main.py", line 62, in <module>
    deleted_count = db.cleanup_old_articles(days=30)
                    ^^^^^^^^^^^^^^^^^^^^^^^
AttributeError: 'Database' object has no attribute 'cleanup_old_articles'
